Using pre-set license
Built from '2020.3/staging' branch; Version is '2020.3.19f1 (68f137dc9bbe) revision 6877495'; Using compiler version '192528614'; Build Type 'Release'
OS: 'Windows 10 Pro; OS build 19043.1348; Version 2009; 64bit' Language: 'es' Physical Memory: 16342 MB
BatchMode: 1, IsHumanControllingUs: 0, StartBugReporterOnCrash: 0, Is64bit: 1, IsPro: 0

COMMAND LINE ARGUMENTS:
C:\Program Files\Unity\Hub\Editor\2020.3.19f1\Editor\Unity.exe
-adb2
-batchMode
-noUpm
-name
AssetImportWorker0
-projectPath
D:/Ana_Huguet/Desarrollo_Multidispositivo/Entregable_6_Ana_Huguet
-logFile
Logs/AssetImportWorker0.log
-srvPort
53162
Successfully changed project path to: D:/Ana_Huguet/Desarrollo_Multidispositivo/Entregable_6_Ana_Huguet
D:/Ana_Huguet/Desarrollo_Multidispositivo/Entregable_6_Ana_Huguet
Using Asset Import Pipeline V2.
Refreshing native plugins compatible for Editor in 28.86 ms, found 2 plugins.
Preloading 0 native plugins for Editor in 0.00 ms.
Initialize engine version: 2020.3.19f1 (68f137dc9bbe)
[Subsystems] Discovering subsystems at path C:/Program Files/Unity/Hub/Editor/2020.3.19f1/Editor/Data/Resources/UnitySubsystems
[Subsystems] Discovering subsystems at path D:/Ana_Huguet/Desarrollo_Multidispositivo/Entregable_6_Ana_Huguet/Assets
GfxDevice: creating device client; threaded=0
Direct3D:
    Version:  Direct3D 11.0 [level 11.1]
    Renderer: NVIDIA GeForce GTX 1050 Ti (ID=0x1c82)
    Vendor:   
    VRAM:     4018 MB
    Driver:   27.21.14.5671
Initialize mono
Mono path[0] = 'C:/Program Files/Unity/Hub/Editor/2020.3.19f1/Editor/Data/Managed'
Mono path[1] = 'C:/Program Files/Unity/Hub/Editor/2020.3.19f1/Editor/Data/MonoBleedingEdge/lib/mono/unityjit'
Mono config path = 'C:/Program Files/Unity/Hub/Editor/2020.3.19f1/Editor/Data/MonoBleedingEdge/etc'
Using monoOptions --debugger-agent=transport=dt_socket,embedding=1,server=y,suspend=n,address=127.0.0.1:56420
Begin MonoManager ReloadAssembly
Registering precompiled unity dll's ...
Register platform support module: C:/Program Files/Unity/Hub/Editor/2020.3.19f1/Editor/Data/PlaybackEngines/WindowsStandaloneSupport/UnityEditor.WindowsStandalone.Extensions.dll
Registered in 0.001976 seconds.
Native extension for WindowsStandalone target not found
Refreshing native plugins compatible for Editor in 32.47 ms, found 2 plugins.
Preloading 0 native plugins for Editor in 0.00 ms.
Mono: successfully reloaded assembly
- Completed reload, in  1.253 seconds
Domain Reload Profiling:
	ReloadAssembly (1253ms)
		BeginReloadAssembly (62ms)
			ExecutionOrderSort (0ms)
			DisableScriptedObjects (0ms)
			BackupInstance (0ms)
			ReleaseScriptingObjects (0ms)
			CreateAndSetChildDomain (1ms)
		EndReloadAssembly (457ms)
			LoadAssemblies (60ms)
			RebuildTransferFunctionScriptingTraits (0ms)
			SetupTypeCache (175ms)
			ReleaseScriptCaches (0ms)
			RebuildScriptCaches (32ms)
			SetupLoadedEditorAssemblies (174ms)
				LogAssemblyErrors (0ms)
				InitializePlatformSupportModulesInManaged (4ms)
				SetLoadedEditorAssemblies (0ms)
				RefreshPlugins (33ms)
				BeforeProcessingInitializeOnLoad (17ms)
				ProcessInitializeOnLoadAttributes (88ms)
				ProcessInitializeOnLoadMethodAttributes (31ms)
				AfterProcessingInitializeOnLoad (0ms)
				EditorAssembliesLoaded (0ms)
			ExecutionOrderSort2 (0ms)
			AwakeInstancesAfterBackupRestoration (0ms)
Platform modules already initialized, skipping
Registering precompiled user dll's ...
Registered in 0.004536 seconds.
Begin MonoManager ReloadAssembly
Native extension for WindowsStandalone target not found
Refreshing native plugins compatible for Editor in 0.36 ms, found 2 plugins.
Preloading 0 native plugins for Editor in 0.00 ms.
Mono: successfully reloaded assembly
- Completed reload, in  1.248 seconds
Domain Reload Profiling:
	ReloadAssembly (1249ms)
		BeginReloadAssembly (157ms)
			ExecutionOrderSort (0ms)
			DisableScriptedObjects (6ms)
			BackupInstance (0ms)
			ReleaseScriptingObjects (0ms)
			CreateAndSetChildDomain (19ms)
		EndReloadAssembly (1023ms)
			LoadAssemblies (91ms)
			RebuildTransferFunctionScriptingTraits (0ms)
			SetupTypeCache (327ms)
			ReleaseScriptCaches (0ms)
			RebuildScriptCaches (47ms)
			SetupLoadedEditorAssemblies (443ms)
				LogAssemblyErrors (0ms)
				InitializePlatformSupportModulesInManaged (5ms)
				SetLoadedEditorAssemblies (1ms)
				RefreshPlugins (0ms)
				BeforeProcessingInitializeOnLoad (133ms)
				ProcessInitializeOnLoadAttributes (290ms)
				ProcessInitializeOnLoadMethodAttributes (7ms)
				AfterProcessingInitializeOnLoad (6ms)
				EditorAssembliesLoaded (0ms)
			ExecutionOrderSort2 (0ms)
			AwakeInstancesAfterBackupRestoration (13ms)
Platform modules already initialized, skipping
========================================================================
Worker process is ready to serve import requests
Launched and connected shader compiler UnityShaderCompiler.exe after 0.05 seconds
Refreshing native plugins compatible for Editor in 1.61 ms, found 2 plugins.
Preloading 0 native plugins for Editor in 0.00 ms.
Unloading 1401 Unused Serialized files (Serialized files now loaded: 0)
System memory in use before: 65.1 MB.
System memory in use after: 65.2 MB.

Unloading 16 unused Assets to reduce memory usage. Loaded Objects now: 1836.
Total: 3.577900 ms (FindLiveObjects: 0.155800 ms CreateObjectMapping: 0.054800 ms MarkObjects: 3.292200 ms  DeleteObjects: 0.073500 ms)

AssetImportParameters requested are different than current active one (requested -> active):
  custom:framework-win-MediaFoundation: 216162199b28c13a410421893ffa2e32 -> 
  custom:video-decoder-ogg-theora: a1e56fd34408186e4bbccfd4996cb3dc -> 
  custom:container-muxer-webm: aa71ff27fc2769a1b78a27578f13a17b -> 
  custom:container-demuxer-webm: 4f35f7cbe854078d1ac9338744f61a02 -> 
  custom:container-demuxer-ogg: 62fdf1f143b41e24485cea50d1cbac27 -> 
  custom:video-encoder-webm-vp8: eb34c28f22e8b96e1ab97ce403110664 -> 
  custom:video-decoder-webm-vp8: 9c59270c3fd7afecdb556c50c9e8de78 -> 
  custom:audio-decoder-ogg-vorbis: bf7c407c2cedff20999df2af8eb42d56 -> 
  custom:audio-encoder-webm-vorbis: bf7c407c2cedff20999df2af8eb42d56 -> 
========================================================================
Received Import Request.
  path: Assets/Scripts/spawnManager.cs
  artifactKey: Guid(c122e7ff0f189bb428d74c5e5b0eae61) Importer(815301076,1909f56bfc062723c751e8b465ee728b)
Start importing Assets/Scripts/spawnManager.cs using Guid(c122e7ff0f189bb428d74c5e5b0eae61) Importer(815301076,1909f56bfc062723c751e8b465ee728b)  -> (artifact id: '3bf238952a048dc3a0c5927062a9a0b6') in 0.047353 seconds 
  Import took 0.050891 seconds .

========================================================================
Received Import Request.
  Time since last request: 56.313858 seconds.
  path: Assets/Scripts/spawnManager.cs
  artifactKey: Guid(c122e7ff0f189bb428d74c5e5b0eae61) Importer(815301076,1909f56bfc062723c751e8b465ee728b)
Start importing Assets/Scripts/spawnManager.cs using Guid(c122e7ff0f189bb428d74c5e5b0eae61) Importer(815301076,1909f56bfc062723c751e8b465ee728b)  -> (artifact id: '7f169cd6092fd76eb10f96f9f12e5dce') in 0.002631 seconds 
  Import took 0.011783 seconds .

========================================================================
Received Import Request.
  Time since last request: 10.177471 seconds.
  path: Assets/Scripts/spawnManager.cs
  artifactKey: Guid(c122e7ff0f189bb428d74c5e5b0eae61) Importer(815301076,1909f56bfc062723c751e8b465ee728b)
Start importing Assets/Scripts/spawnManager.cs using Guid(c122e7ff0f189bb428d74c5e5b0eae61) Importer(815301076,1909f56bfc062723c751e8b465ee728b)  -> (artifact id: '4f155a553e07ebdd57e6eb093b7c269c') in 0.003164 seconds 
  Import took 0.006528 seconds .

========================================================================
Received Import Request.
  Time since last request: 122.885029 seconds.
  path: Assets/Scripts/spawnManager.cs
  artifactKey: Guid(c122e7ff0f189bb428d74c5e5b0eae61) Importer(815301076,1909f56bfc062723c751e8b465ee728b)
Start importing Assets/Scripts/spawnManager.cs using Guid(c122e7ff0f189bb428d74c5e5b0eae61) Importer(815301076,1909f56bfc062723c751e8b465ee728b)  -> (artifact id: 'ab979aaf539ae0883aed64dbe9531178') in 0.005441 seconds 
  Import took 0.008666 seconds .

========================================================================
Received Import Request.
  Time since last request: 29.459854 seconds.
  path: Assets/Scripts/spawnManager.cs
  artifactKey: Guid(c122e7ff0f189bb428d74c5e5b0eae61) Importer(815301076,1909f56bfc062723c751e8b465ee728b)
Start importing Assets/Scripts/spawnManager.cs using Guid(c122e7ff0f189bb428d74c5e5b0eae61) Importer(815301076,1909f56bfc062723c751e8b465ee728b)  -> (artifact id: 'e6442e80881bb25b4a52520f1534d030') in 0.009435 seconds 
  Import took 0.012254 seconds .

========================================================================
Received Import Request.
  Time since last request: 15.148656 seconds.
  path: Assets/Scripts/spawnManager.cs
  artifactKey: Guid(c122e7ff0f189bb428d74c5e5b0eae61) Importer(815301076,1909f56bfc062723c751e8b465ee728b)
Start importing Assets/Scripts/spawnManager.cs using Guid(c122e7ff0f189bb428d74c5e5b0eae61) Importer(815301076,1909f56bfc062723c751e8b465ee728b)  -> (artifact id: '4016dec1b334edea269f4802c08c9e70') in 0.007203 seconds 
  Import took 0.009921 seconds .

========================================================================
Received Import Request.
  Time since last request: 32.770988 seconds.
  path: Assets/Scripts/spawnManager.cs
  artifactKey: Guid(c122e7ff0f189bb428d74c5e5b0eae61) Importer(815301076,1909f56bfc062723c751e8b465ee728b)
Start importing Assets/Scripts/spawnManager.cs using Guid(c122e7ff0f189bb428d74c5e5b0eae61) Importer(815301076,1909f56bfc062723c751e8b465ee728b)  -> (artifact id: '12a904af44be324b0980b82b8081d5d0') in 0.006392 seconds 
  Import took 0.009253 seconds .

========================================================================
Received Import Request.
  Time since last request: 11.602547 seconds.
  path: Assets/Scripts/spawnManager.cs
  artifactKey: Guid(c122e7ff0f189bb428d74c5e5b0eae61) Importer(815301076,1909f56bfc062723c751e8b465ee728b)
Start importing Assets/Scripts/spawnManager.cs using Guid(c122e7ff0f189bb428d74c5e5b0eae61) Importer(815301076,1909f56bfc062723c751e8b465ee728b)  -> (artifact id: 'cd2f5c991c7ae3afde2221e694c76248') in 0.003432 seconds 
  Import took 0.014802 seconds .

========================================================================
Received Import Request.
  Time since last request: 21.800526 seconds.
  path: Assets/Scripts/spawnManager.cs
  artifactKey: Guid(c122e7ff0f189bb428d74c5e5b0eae61) Importer(815301076,1909f56bfc062723c751e8b465ee728b)
Start importing Assets/Scripts/spawnManager.cs using Guid(c122e7ff0f189bb428d74c5e5b0eae61) Importer(815301076,1909f56bfc062723c751e8b465ee728b)  -> (artifact id: '77a15bbd04f6cf119cb3b5b6592827aa') in 0.005172 seconds 
  Import took 0.007844 seconds .

========================================================================
Received Import Request.
  Time since last request: 14.061424 seconds.
  path: Assets/Scripts/spawnManager.cs
  artifactKey: Guid(c122e7ff0f189bb428d74c5e5b0eae61) Importer(815301076,1909f56bfc062723c751e8b465ee728b)
Start importing Assets/Scripts/spawnManager.cs using Guid(c122e7ff0f189bb428d74c5e5b0eae61) Importer(815301076,1909f56bfc062723c751e8b465ee728b)  -> (artifact id: '09396e062cd3bf12eb7d83ca24822cad') in 0.004170 seconds 
  Import took 0.007168 seconds .

========================================================================
Received Import Request.
  Time since last request: 28.018275 seconds.
  path: Assets/Scripts/spawnManager.cs
  artifactKey: Guid(c122e7ff0f189bb428d74c5e5b0eae61) Importer(815301076,1909f56bfc062723c751e8b465ee728b)
Start importing Assets/Scripts/spawnManager.cs using Guid(c122e7ff0f189bb428d74c5e5b0eae61) Importer(815301076,1909f56bfc062723c751e8b465ee728b)  -> (artifact id: '967fdd5483d9121b8fab6e18dbd7a066') in 0.004077 seconds 
  Import took 0.007319 seconds .

AssetImportWorkerClient::OnTransportError - code=2 error=End of file
